<?xml version="1.0" encoding="UTF-8"?>
<!-- Generated by org.testng.reporters.JUnitReportReporter -->
<testsuite hostname="Farghali" failures="0" tests="1" name="test.TPRO" time="13.422" errors="0" timestamp="2021-10-18T12:23:15 EET" skipped="0">
  <testcase classname="test.TPRO" name="TCase" time="13.422"/>
  <system-out/>
</testsuite> <!-- test.TPRO -->
